<?xml version="1.0" encoding="UTF-8"?>
<testsuite name="in.co.gorest.cucumber.CucumberRunner" time="0.71" tests="12" errors="0" skipped="1" failures="2">
  <properties>
[...]
</properties>
  <testcase name="When I use get method to send request to the application" classname="Scenario: Check if the User can get list of all users" time="0.001"/>
  <testcase name="Then I must get back a valid status code 200" classname="Scenario: Check if the User can get list of all users" time="0"/>
  <testcase name="Scenario: Check if the User can get list of all users" classname="Scenario: Check if the User can get list of all users" time="0.65"/>
  <testcase name="When I use post method and send payload to create a new user" classname="Scenario: Check if the User can create a new User" time="0"/>
  <testcase name="Then I must get back a valid status code 201 as response" classname="Scenario: Check if the User can create a new User" time="0"/>
  <testcase name="Scenario: Check if the User can create a new User" classname="Scenario: Check if the User can create a new User" time="0.019"/>
  <testcase name="When I send a patch request using payload" classname="Scenario: Updating the newly created user" time="0.004">
    <failure message="1 expectation failed.&#10;Expected status code &lt;200&gt; but was &lt;422&gt;.&#10;" type="java.lang.AssertionError"><![CDATA[java.lang.AssertionError: 1 expectation failed.
Expected status code <200> but was <422>.

	at sun.reflect.NativeConstructorAccessorImpl.newInstance0(Native Method)
	at sun.reflect.NativeConstructorAccessorImpl.newInstance(NativeConstructorAccessorImpl.java:62)
	at sun.reflect.DelegatingConstructorAccessorImpl.newInstance(DelegatingConstructorAccessorImpl.java:45)
	at java.lang.reflect.Constructor.newInstance(Constructor.java:423)
	at org.codehaus.groovy.reflection.CachedConstructor.invoke(CachedConstructor.java:83)
	at org.codehaus.groovy.reflection.CachedConstructor.doConstructorInvoke(CachedConstructor.java:77)
	at org.codehaus.groovy.runtime.callsite.ConstructorSite$ConstructorSiteNoUnwrap.callConstructor(ConstructorSite.java:84)
	at org.codehaus.groovy.runtime.callsite.CallSiteArray.defaultCallConstructor(CallSiteArray.java:60)
	at org.codehaus.groovy.runtime.callsite.AbstractCallSite.callConstructor(AbstractCallSite.java:235)
	at org.codehaus.groovy.runtime.callsite.AbstractCallSite.callConstructor(AbstractCallSite.java:247)
	at io.restassured.internal.ResponseSpecificationImpl$HamcrestAssertionClosure.validate(ResponseSpecificationImpl.groovy:471)
	at io.restassured.internal.ResponseSpecificationImpl$HamcrestAssertionClosure$validate$1.call(Unknown Source)
	at io.restassured.internal.ResponseSpecificationImpl.validateResponseIfRequired(ResponseSpecificationImpl.groovy:636)
	at sun.reflect.NativeMethodAccessorImpl.invoke0(Native Method)
	at sun.reflect.NativeMethodAccessorImpl.invoke(NativeMethodAccessorImpl.java:62)
	at sun.reflect.DelegatingMethodAccessorImpl.invoke(DelegatingMethodAccessorImpl.java:43)
	at java.lang.reflect.Method.invoke(Method.java:498)
	at org.codehaus.groovy.runtime.callsite.PogoMetaMethodSite$PogoCachedMethodSiteNoUnwrapNoCoerce.invoke(PogoMetaMethodSite.java:210)
	at org.codehaus.groovy.runtime.callsite.PogoMetaMethodSite.callCurrent(PogoMetaMethodSite.java:59)
	at org.codehaus.groovy.runtime.callsite.AbstractCallSite.callCurrent(AbstractCallSite.java:166)
	at io.restassured.internal.ResponseSpecificationImpl.statusCode(ResponseSpecificationImpl.groovy:122)
	at io.restassured.specification.ResponseSpecification$statusCode$0.callCurrent(Unknown Source)
	at io.restassured.internal.ResponseSpecificationImpl.statusCode(ResponseSpecificationImpl.groovy:130)
	at io.restassured.internal.ValidatableResponseOptionsImpl.statusCode(ValidatableResponseOptionsImpl.java:117)
	at in.co.gorest.cucumber.steps.MyStepdefs.iSendAPatchRequestUsingPayload(MyStepdefs.java:51)
	at ✽.When I send a patch request using payload(gorest.feature:15)
]]></failure>
    <system-out><![CDATA[Request method:	POST
Request URI:	https://gorest.co.in/public/v2/users
Proxy:			<none>
Request params:	<none>
Query params:	<none>
Form params:	<none>
Path params:	<none>
Multiparts:		<none>
Headers:		Authorization=Bearer 57c4fad1064029dd06a46f13e636994a133c8f90239026665b53365529904944
				Accept=*/*
				Content-Type=application/json; charset=UTF-8
Cookies:		<none>
Body:
{
    "name": "Tenali Ramakrishnaveni61325_updated",
    "gender": "female",
    "email": "tenalii.ramakrishna1@gmail.com64884",
    "status": "active"
}
HTTP/1.1 422 Unprocessable Entity
Server: nginx
Date: Tue, 21 Jun 2022 19:57:54 GMT
Content-Type: application/json; charset=utf-8
Transfer-Encoding: chunked
Connection: keep-alive
X-Frame-Options: SAMEORIGIN
X-XSS-Protection: 0
X-Content-Type-Options: nosniff
X-Download-Options: noopen
X-Permitted-Cross-Domain-Policies: none
Referrer-Policy: strict-origin-when-cross-origin
X-RateLimit-Limit: 90
X-RateLimit-Remaining: 89
X-RateLimit-Reset: 1
Cache-Control: no-cache
X-Request-Id: 148afde0-0a70-4bed-b0a6-905fa62a3e76
X-Runtime: 0.017905
Strict-Transport-Security: max-age=63072000; includeSubDomains
Vary: Origin

[
    {
        "field": "email",
        "message": "has already been taken"
    }
]
]]></system-out>
    <system-err><![CDATA[5124 [main] INFO net.serenitybdd.core.Serenity - 
 _____ _____ ____ _____   ____ _____  _    ____ _____ _____ ____  
|_   _| ____/ ___|_   _| / ___|_   _|/ \  |  _ \_   _| ____|  _ \ 
  | | |  _| \___ \ | |   \___ \ | | / _ \ | |_) || | |  _| | | | |
  | | | |___ ___) || |    ___) || |/ ___ \|  _ < | | | |___| |_| |
  |_| |_____|____/ |_|   |____/ |_/_/   \_\_| \_\|_| |_____|____/ 
                                                                  

TEST STARTED: Updating the newly created user
-------------------------------------------------------------------
]]></system-err>
  </testcase>
  <testcase name="Scenario: Updating the newly created user" classname="Scenario: Updating the newly created user" time="0.005">
    <failure message="1 expectation failed.&#10;Expected status code &lt;200&gt; but was &lt;422&gt;.&#10;" type="java.lang.AssertionError"><![CDATA[java.lang.AssertionError: 1 expectation failed.
Expected status code <200> but was <422>.

	at sun.reflect.NativeConstructorAccessorImpl.newInstance0(Native Method)
	at sun.reflect.NativeConstructorAccessorImpl.newInstance(NativeConstructorAccessorImpl.java:62)
	at sun.reflect.DelegatingConstructorAccessorImpl.newInstance(DelegatingConstructorAccessorImpl.java:45)
	at java.lang.reflect.Constructor.newInstance(Constructor.java:423)
	at org.codehaus.groovy.reflection.CachedConstructor.invoke(CachedConstructor.java:83)
	at org.codehaus.groovy.reflection.CachedConstructor.doConstructorInvoke(CachedConstructor.java:77)
	at org.codehaus.groovy.runtime.callsite.ConstructorSite$ConstructorSiteNoUnwrap.callConstructor(ConstructorSite.java:84)
	at org.codehaus.groovy.runtime.callsite.CallSiteArray.defaultCallConstructor(CallSiteArray.java:60)
	at org.codehaus.groovy.runtime.callsite.AbstractCallSite.callConstructor(AbstractCallSite.java:235)
	at org.codehaus.groovy.runtime.callsite.AbstractCallSite.callConstructor(AbstractCallSite.java:247)
	at io.restassured.internal.ResponseSpecificationImpl$HamcrestAssertionClosure.validate(ResponseSpecificationImpl.groovy:471)
	at io.restassured.internal.ResponseSpecificationImpl$HamcrestAssertionClosure$validate$1.call(Unknown Source)
	at io.restassured.internal.ResponseSpecificationImpl.validateResponseIfRequired(ResponseSpecificationImpl.groovy:636)
	at sun.reflect.NativeMethodAccessorImpl.invoke0(Native Method)
	at sun.reflect.NativeMethodAccessorImpl.invoke(NativeMethodAccessorImpl.java:62)
	at sun.reflect.DelegatingMethodAccessorImpl.invoke(DelegatingMethodAccessorImpl.java:43)
	at java.lang.reflect.Method.invoke(Method.java:498)
	at org.codehaus.groovy.runtime.callsite.PogoMetaMethodSite$PogoCachedMethodSiteNoUnwrapNoCoerce.invoke(PogoMetaMethodSite.java:210)
	at org.codehaus.groovy.runtime.callsite.PogoMetaMethodSite.callCurrent(PogoMetaMethodSite.java:59)
	at org.codehaus.groovy.runtime.callsite.AbstractCallSite.callCurrent(AbstractCallSite.java:166)
	at io.restassured.internal.ResponseSpecificationImpl.statusCode(ResponseSpecificationImpl.groovy:122)
	at io.restassured.specification.ResponseSpecification$statusCode$0.callCurrent(Unknown Source)
	at io.restassured.internal.ResponseSpecificationImpl.statusCode(ResponseSpecificationImpl.groovy:130)
	at io.restassured.internal.ValidatableResponseOptionsImpl.statusCode(ValidatableResponseOptionsImpl.java:117)
	at in.co.gorest.cucumber.steps.MyStepdefs.iSendAPatchRequestUsingPayload(MyStepdefs.java:51)
	at ✽.When I send a patch request using payload(gorest.feature:15)
]]></failure>
  </testcase>
  <testcase name="Then I should get a valid status code 200  as response" classname="Scenario: Updating the newly created user" time="0">
    <skipped/>
  </testcase>
  <testcase name="When I send a delete request to perform on the application" classname="Scenario: Deleting the newly created user" time="0"/>
  <testcase name="Then I should get a valid status code 204  as response" classname="Scenario: Deleting the newly created user" time="0"/>
  <testcase name="Scenario: Deleting the newly created user" classname="Scenario: Deleting the newly created user" time="0.031"/>
</testsuite>