<?xml version="1.0" encoding="UTF-8"?><testsuite errors="0" failures="1" name="Testing different request on the student application" skipped="0" tests="4" time="5.63" timestamp="2022-06-21T20:57:49.274+01:00[Europe/London]"><testcase name="Check if the User can get list of all users"/><testcase name="Check if the User can create a new User"/><testcase name="Updating the newly created user"><failure message="1 expectation failed.&#10;Expected status code &lt;200&gt; but was &lt;422&gt;.&#10;" type="java.lang.AssertionError">1 expectation failed.
Expected status code &lt;200&gt; but was &lt;422&gt;.
</failure><system-err>1 expectation failed.
Expected status code &lt;200&gt; but was &lt;422&gt;.
&#13;
io.restassured.internal.ResponseSpecificationImpl.validateResponseIfRequired(ResponseSpecificationImpl.groovy:636)&#13;
io.restassured.internal.ResponseSpecificationImpl.statusCode(ResponseSpecificationImpl.groovy:122)&#13;
io.restassured.internal.ResponseSpecificationImpl.statusCode(ResponseSpecificationImpl.groovy:130)&#13;
io.restassured.internal.ValidatableResponseOptionsImpl.statusCode(ValidatableResponseOptionsImpl.java:117)&#13;
in.co.gorest.cucumber.steps.MyStepdefs.iSendAPatchRequestUsingPayload(MyStepdefs.java:51)&#13;
âœ½.When I send a patch request using payload(gorest.feature:15)&#13;
</system-err></testcase><testcase name="Deleting the newly created user"/></testsuite>